17:44:44.917 INFO [GridLauncherV3.parse] - Selenium server version: 3.141.59, revision: e82be7d358
17:44:45.096 INFO [GridLauncherV3.lambda$buildLaunchers$3] - Launching a standalone Selenium Server on port 4444
2019-05-23 17:44:45.192:INFO::main: Logging initialized @799ms to org.seleniumhq.jetty9.util.log.StdErrLog
17:44:45.644 INFO [WebDriverServlet.<init>] - Initialising WebDriverServlet
17:44:46.155 INFO [SeleniumServer.boot] - Selenium Server is up and running on port 4444
17:44:46.572 INFO [ActiveSessionFactory.apply] - Capabilities are: {
  "acceptSslCerts": true,
  "browserName": "chrome",
  "javascriptEnabled": true,
  "name": "Income Expense"
}
17:44:46.574 INFO [ActiveSessionFactory.lambda$apply$11] - Matched factory org.openqa.selenium.grid.session.remote.ServicedSession$Factory (provider: org.openqa.selenium.chrome.ChromeDriverService)
Starting ChromeDriver 2.46.628402 (536cd7adbad73a3783fdc2cab92ab2ba7ec361e1) on port 14182
Only local connections are allowed.
Please protect ports used by ChromeDriver and related test frameworks to prevent access by malicious code.
17:44:50.216 INFO [ProtocolHandshake.createSession] - Detected dialect: OSS
17:44:51.114 INFO [RemoteSession$Factory.lambda$performHandshake$0] - Started new session ba6236db26fdd1ce8495c796b3c403b8 (org.openqa.selenium.chrome.ChromeDriverService)
17:45:28.405 INFO [ActiveSessions$1.onStop] - Removing session ba6236db26fdd1ce8495c796b3c403b8 (org.openqa.selenium.chrome.ChromeDriverService)
17:45:28.460 INFO [ActiveSessionFactory.apply] - Capabilities are: {
  "acceptSslCerts": true,
  "browserName": "chrome",
  "javascriptEnabled": true,
  "name": "Transfer"
}
17:45:28.460 INFO [ActiveSessionFactory.lambda$apply$11] - Matched factory org.openqa.selenium.grid.session.remote.ServicedSession$Factory (provider: org.openqa.selenium.chrome.ChromeDriverService)
Starting ChromeDriver 2.46.628402 (536cd7adbad73a3783fdc2cab92ab2ba7ec361e1) on port 10501
Only local connections are allowed.
Please protect ports used by ChromeDriver and related test frameworks to prevent access by malicious code.
17:45:30.859 INFO [ProtocolHandshake.createSession] - Detected dialect: OSS
17:45:30.970 INFO [RemoteSession$Factory.lambda$performHandshake$0] - Started new session 72f2ab76b56aa563f022a0b27fc4b70a (org.openqa.selenium.chrome.ChromeDriverService)
17:45:51.562 INFO [ActiveSessions$1.onStop] - Removing session 72f2ab76b56aa563f022a0b27fc4b70a (org.openqa.selenium.chrome.ChromeDriverService)
